<?xml version="1.0" encoding="UTF-8"?>
<testsuite name="com.example.sonarintegration.SonarIntegrationApplicationTests" tests="1" skipped="0" failures="0" errors="0" timestamp="2020-05-27T23:42:36" hostname="N1001298" time="0.388">
  <properties/>
  <testcase name="contextLoads()" classname="com.example.sonarintegration.SonarIntegrationApplicationTests" time="0.388"/>
  <system-out><![CDATA[20:42:34.651 [Test worker] DEBUG org.springframework.test.context.BootstrapUtils - Instantiating CacheAwareContextLoaderDelegate from class [org.springframework.test.context.cache.DefaultCacheAwareContextLoaderDelegate]
20:42:34.669 [Test worker] DEBUG org.springframework.test.context.BootstrapUtils - Instantiating BootstrapContext using constructor [public org.springframework.test.context.support.DefaultBootstrapContext(java.lang.Class,org.springframework.test.context.CacheAwareContextLoaderDelegate)]
20:42:34.707 [Test worker] DEBUG org.springframework.test.context.BootstrapUtils - Instantiating TestContextBootstrapper for test class [com.example.sonarintegration.SonarIntegrationApplicationTests] from class [org.springframework.boot.test.context.SpringBootTestContextBootstrapper]
20:42:34.728 [Test worker] INFO org.springframework.boot.test.context.SpringBootTestContextBootstrapper - Neither @ContextConfiguration nor @ContextHierarchy found for test class [com.example.sonarintegration.SonarIntegrationApplicationTests], using SpringBootContextLoader
20:42:34.732 [Test worker] DEBUG org.springframework.test.context.support.AbstractContextLoader - Did not detect default resource location for test class [com.example.sonarintegration.SonarIntegrationApplicationTests]: class path resource [com/example/sonarintegration/SonarIntegrationApplicationTests-context.xml] does not exist
20:42:34.733 [Test worker] DEBUG org.springframework.test.context.support.AbstractContextLoader - Did not detect default resource location for test class [com.example.sonarintegration.SonarIntegrationApplicationTests]: class path resource [com/example/sonarintegration/SonarIntegrationApplicationTestsContext.groovy] does not exist
20:42:34.733 [Test worker] INFO org.springframework.test.context.support.AbstractContextLoader - Could not detect default resource locations for test class [com.example.sonarintegration.SonarIntegrationApplicationTests]: no resource found for suffixes {-context.xml, Context.groovy}.
20:42:34.734 [Test worker] INFO org.springframework.test.context.support.AnnotationConfigContextLoaderUtils - Could not detect default configuration classes for test class [com.example.sonarintegration.SonarIntegrationApplicationTests]: SonarIntegrationApplicationTests does not declare any static, non-private, non-final, nested classes annotated with @Configuration.
20:42:34.770 [Test worker] DEBUG org.springframework.test.context.support.ActiveProfilesUtils - Could not find an 'annotation declaring class' for annotation type [org.springframework.test.context.ActiveProfiles] and class [com.example.sonarintegration.SonarIntegrationApplicationTests]
20:42:34.840 [Test worker] DEBUG org.springframework.context.annotation.ClassPathScanningCandidateComponentProvider - Identified candidate component class: file [D:\jenkins\sonar-integration\build\classes\kotlin\main\com\example\sonarintegration\SonarIntegrationApplication.class]
20:42:34.849 [Test worker] INFO org.springframework.boot.test.context.SpringBootTestContextBootstrapper - Found @SpringBootConfiguration com.example.sonarintegration.SonarIntegrationApplication for test class com.example.sonarintegration.SonarIntegrationApplicationTests
20:42:34.941 [Test worker] DEBUG org.springframework.boot.test.context.SpringBootTestContextBootstrapper - @TestExecutionListeners is not present for class [com.example.sonarintegration.SonarIntegrationApplicationTests]: using defaults.
20:42:34.942 [Test worker] INFO org.springframework.boot.test.context.SpringBootTestContextBootstrapper - Loaded default TestExecutionListener class names from location [META-INF/spring.factories]: [org.springframework.boot.test.autoconfigure.restdocs.RestDocsTestExecutionListener, org.springframework.boot.test.autoconfigure.web.client.MockRestServiceServerResetTestExecutionListener, org.springframework.boot.test.autoconfigure.web.servlet.MockMvcPrintOnlyOnFailureTestExecutionListener, org.springframework.boot.test.autoconfigure.web.servlet.WebDriverTestExecutionListener, org.springframework.boot.test.autoconfigure.webservices.client.MockWebServiceServerTestExecutionListener, org.springframework.boot.test.mock.mockito.MockitoTestExecutionListener, org.springframework.boot.test.mock.mockito.ResetMocksTestExecutionListener, org.springframework.test.context.web.ServletTestExecutionListener, org.springframework.test.context.support.DirtiesContextBeforeModesTestExecutionListener, org.springframework.test.context.support.DependencyInjectionTestExecutionListener, org.springframework.test.context.support.DirtiesContextTestExecutionListener, org.springframework.test.context.transaction.TransactionalTestExecutionListener, org.springframework.test.context.jdbc.SqlScriptsTestExecutionListener, org.springframework.test.context.event.EventPublishingTestExecutionListener]
20:42:34.949 [Test worker] DEBUG org.springframework.boot.test.context.SpringBootTestContextBootstrapper - Skipping candidate TestExecutionListener [org.springframework.test.context.web.ServletTestExecutionListener] due to a missing dependency. Specify custom listener classes or make the default listener classes and their required dependencies available. Offending class: [javax/servlet/ServletContext]
20:42:34.951 [Test worker] DEBUG org.springframework.boot.test.context.SpringBootTestContextBootstrapper - Skipping candidate TestExecutionListener [org.springframework.test.context.transaction.TransactionalTestExecutionListener] due to a missing dependency. Specify custom listener classes or make the default listener classes and their required dependencies available. Offending class: [org/springframework/transaction/interceptor/TransactionAttributeSource]
20:42:34.952 [Test worker] DEBUG org.springframework.boot.test.context.SpringBootTestContextBootstrapper - Skipping candidate TestExecutionListener [org.springframework.test.context.jdbc.SqlScriptsTestExecutionListener] due to a missing dependency. Specify custom listener classes or make the default listener classes and their required dependencies available. Offending class: [org/springframework/transaction/interceptor/TransactionAttribute]
20:42:34.952 [Test worker] INFO org.springframework.boot.test.context.SpringBootTestContextBootstrapper - Using TestExecutionListeners: [org.springframework.test.context.support.DirtiesContextBeforeModesTestExecutionListener@1e3ed555, org.springframework.boot.test.mock.mockito.MockitoTestExecutionListener@d1bf993, org.springframework.boot.test.autoconfigure.SpringBootDependencyInjectionTestExecutionListener@251ade23, org.springframework.test.context.support.DirtiesContextTestExecutionListener@64128d52, org.springframework.test.context.event.EventPublishingTestExecutionListener@cee68f8, org.springframework.boot.test.autoconfigure.restdocs.RestDocsTestExecutionListener@5eebdf97, org.springframework.boot.test.autoconfigure.web.client.MockRestServiceServerResetTestExecutionListener@2d73e9af, org.springframework.boot.test.autoconfigure.web.servlet.MockMvcPrintOnlyOnFailureTestExecutionListener@5dfb994e, org.springframework.boot.test.autoconfigure.web.servlet.WebDriverTestExecutionListener@222d93a1, org.springframework.boot.test.autoconfigure.webservices.client.MockWebServiceServerTestExecutionListener@22bae714, org.springframework.boot.test.mock.mockito.ResetMocksTestExecutionListener@10b65c7d]
20:42:34.957 [Test worker] DEBUG org.springframework.test.context.support.AbstractDirtiesContextTestExecutionListener - Before test class: context [DefaultTestContext@6c19c152 testClass = SonarIntegrationApplicationTests, testInstance = [null], testMethod = [null], testException = [null], mergedContextConfiguration = [MergedContextConfiguration@7bf4b069 testClass = SonarIntegrationApplicationTests, locations = '{}', classes = '{class com.example.sonarintegration.SonarIntegrationApplication}', contextInitializerClasses = '[]', activeProfiles = '{}', propertySourceLocations = '{}', propertySourceProperties = '{org.springframework.boot.test.context.SpringBootTestContextBootstrapper=true}', contextCustomizers = set[org.springframework.boot.test.autoconfigure.properties.PropertyMappingContextCustomizer@0, org.springframework.boot.test.autoconfigure.web.servlet.WebDriverContextCustomizerFactory$Customizer@b101b2b, org.springframework.boot.test.context.filter.ExcludeFilterContextCustomizer@154c0661, org.springframework.boot.test.json.DuplicateJsonObjectContextCustomizerFactory$DuplicateJsonObjectContextCustomizer@239c0aa7, org.springframework.boot.test.mock.mockito.MockitoContextCustomizer@0, org.springframework.boot.test.web.client.TestRestTemplateContextCustomizer@92d1907, org.springframework.boot.test.context.SpringBootTestArgs@1], contextLoader = 'org.springframework.boot.test.context.SpringBootContextLoader', parent = [null]], attributes = map[[empty]]], class annotated with @DirtiesContext [false] with mode [null].
20:42:34.969 [Test worker] DEBUG org.springframework.test.context.support.DependencyInjectionTestExecutionListener - Performing dependency injection for test context [[DefaultTestContext@6c19c152 testClass = SonarIntegrationApplicationTests, testInstance = com.example.sonarintegration.SonarIntegrationApplicationTests@4e77b3ab, testMethod = [null], testException = [null], mergedContextConfiguration = [MergedContextConfiguration@7bf4b069 testClass = SonarIntegrationApplicationTests, locations = '{}', classes = '{class com.example.sonarintegration.SonarIntegrationApplication}', contextInitializerClasses = '[]', activeProfiles = '{}', propertySourceLocations = '{}', propertySourceProperties = '{org.springframework.boot.test.context.SpringBootTestContextBootstrapper=true}', contextCustomizers = set[org.springframework.boot.test.autoconfigure.properties.PropertyMappingContextCustomizer@0, org.springframework.boot.test.autoconfigure.web.servlet.WebDriverContextCustomizerFactory$Customizer@b101b2b, org.springframework.boot.test.context.filter.ExcludeFilterContextCustomizer@154c0661, org.springframework.boot.test.json.DuplicateJsonObjectContextCustomizerFactory$DuplicateJsonObjectContextCustomizer@239c0aa7, org.springframework.boot.test.mock.mockito.MockitoContextCustomizer@0, org.springframework.boot.test.web.client.TestRestTemplateContextCustomizer@92d1907, org.springframework.boot.test.context.SpringBootTestArgs@1], contextLoader = 'org.springframework.boot.test.context.SpringBootContextLoader', parent = [null]], attributes = map[[empty]]]].
20:42:34.993 [Test worker] DEBUG org.springframework.test.context.support.TestPropertySourceUtils - Adding inlined properties to environment: {spring.jmx.enabled=false, org.springframework.boot.test.context.SpringBootTestContextBootstrapper=true}

  .   ____          _            __ _ _
 /\\ / ___'_ __ _ _(_)_ __  __ _ \ \ \ \
( ( )\___ | '_ | '_| | '_ \/ _` | \ \ \ \
 \\/  ___)| |_)| | | | | || (_| |  ) ) ) )
  '  |____| .__|_| |_|_| |_\__, | / / / /
 =========|_|==============|___/=/_/_/_/
 :: Spring Boot ::        (v2.3.0.RELEASE)

2020-05-27 20:42:35.265  INFO 8296 --- [    Test worker] c.e.s.SonarIntegrationApplicationTests   : Starting SonarIntegrationApplicationTests on N1001298 with PID 8296 (started by carlos.silva in D:\jenkins\sonar-integration)
2020-05-27 20:42:35.266  INFO 8296 --- [    Test worker] c.e.s.SonarIntegrationApplicationTests   : No active profile set, falling back to default profiles: default
2020-05-27 20:42:36.012  INFO 8296 --- [    Test worker] c.e.s.SonarIntegrationApplicationTests   : Started SonarIntegrationApplicationTests in 1.015 seconds (JVM running for 3.293)
]]></system-out>
  <system-err><![CDATA[]]></system-err>
</testsuite>
